<?xml version="1.0" encoding="UTF-8"?>
<!-- Generated by org.testng.reporters.JUnitReportReporter -->
<testsuite hostname="LAPTOP-OIGR1RU3" failures="0" tests="1" name="testPackage.CartTest" time="7.338" errors="0" timestamp="2023-09-25T11:58:37 IST" skipped="0">
  <testcase classname="testPackage.CartTest" name="ckeckOutTest" time="7.338"/>
  <system-out/>
</testsuite> <!-- testPackage.CartTest -->
